Build started 3/26/2021 6:04:46 PM.
     1>Project "C:\Users\admin\Documents\Visual Studio 2013\Projects\Triggo\Triggo\Triggo.vcxproj" on node 2 (Build target(s)).
     1>ClCompile:
         D:\Visual Studio Code\VC\bin\CL.exe /c /ZI /nologo /W3 /WX- /sdl /Od /Oy- /D _MBCS /Gm /EHsc /RTC1 /MDd /GS /fp:precise /Zc:wchar_t /Zc:forScope /Fo"Debug\\" /Fd"Debug\vc120.pdb" /Gd /TP /analyze- /errorReport:prompt iMain.cpp
         iMain.cpp
     1>c:\users\admin\documents\visual studio 2013\projects\triggo\triggo\imain.cpp(286): warning C4101: 'mposx' : unreferenced local variable
     1>c:\users\admin\documents\visual studio 2013\projects\triggo\triggo\imain.cpp(255): warning C4101: 'index1' : unreferenced local variable
     1>c:\users\admin\documents\visual studio 2013\projects\triggo\triggo\imain.cpp(286): warning C4101: 'i' : unreferenced local variable
     1>c:\users\admin\documents\visual studio 2013\projects\triggo\triggo\imain.cpp(286): warning C4101: 'mposy' : unreferenced local variable
     1>c:\users\admin\documents\visual studio 2013\projects\triggo\triggo\imain.cpp(301): warning C4101: 'index' : unreferenced local variable
     1>c:\users\admin\documents\visual studio 2013\projects\triggo\triggo\imain.cpp(268): warning C4101: 'g11' : unreferenced local variable
     1>c:\users\admin\documents\visual studio 2013\projects\triggo\triggo\imain.cpp(302): warning C4101: 'flag' : unreferenced local variable
     1>c:\users\admin\documents\visual studio 2013\projects\triggo\triggo\imain.cpp(299): warning C4101: 'j10' : unreferenced local variable
     1>c:\users\admin\documents\visual studio 2013\projects\triggo\triggo\imain.cpp(286): warning C4101: 'j' : unreferenced local variable
       Link:
         D:\Visual Studio Code\VC\bin\link.exe /ERRORREPORT:PROMPT /OUT:"C:\Users\admin\Documents\Visual Studio 2013\Projects\Triggo\Debug\Triggo.exe" /INCREMENTAL /NOLOGO kernel32.lib user32.lib gdi32.lib winspool.lib comdlg32.lib advapi32.lib shell32.lib ole32.lib oleaut32.lib uuid.lib odbc32.lib odbccp32.lib /MANIFEST /MANIFESTUAC:"level='asInvoker' uiAccess='false'" /manifest:embed /DEBUG /PDB:"C:\Users\admin\Documents\Visual Studio 2013\Projects\Triggo\Debug\Triggo.pdb" /TLBID:1 /DYNAMICBASE /NXCOMPAT /IMPLIB:"C:\Users\admin\Documents\Visual Studio 2013\Projects\Triggo\Debug\Triggo.lib" /MACHINE:X86 Debug\iMain.obj
         Triggo.vcxproj -> C:\Users\admin\Documents\Visual Studio 2013\Projects\Triggo\Debug\Triggo.exe
     1>Done Building Project "C:\Users\admin\Documents\Visual Studio 2013\Projects\Triggo\Triggo\Triggo.vcxproj" (Build target(s)).

Build succeeded.

Time Elapsed 00:00:09.25
